2020-01-18 10:28:56 +0000 [MT] Initial pipeline context: <IDEDistributionProcessingPipelineContext: 0x7f8cc2a2f8a0; archive(resolved)='<IDEArchive: 0x7f8cc275af20>', distributionTask(resolved)='2', distributionDestination(resolved)='1', distributionMethod(resolved)='<IDEDistributionMethodAdHoc: 0x7f8cc28353a0>', team(resolved)='<IDEProvisioningBasicTeam: 0x7f8cc2a19400; teamID='STA4LU67YY', teamName='Shen Zhang'>'>
	Chain (11, self inclusive):
	<IDEDistributionProcessingPipelineContext: 0x7f8cc2a2f8a0; archive = '<IDEArchive: 0x7f8cc275af20>', distributionMethod='<IDEDistributionMethodAdHoc: 0x7f8cc28353a0>', team='<IDEProvisioningBasicTeam: 0x7f8cc2a19400; teamID='STA4LU67YY', teamName='Shen Zhang'>'>
	<IDEDistributionProcessingPipelineContext: 0x7f8cc2a2e4f0; archive = '<IDEArchive: 0x7f8cc275af20>', distributionMethod='<IDEDistributionMethodAdHoc: 0x7f8cc28353a0>', team='<IDEProvisioningBasicTeam: 0x7f8cc2a19400; teamID='STA4LU67YY', teamName='Shen Zhang'>'>
	<IDEDistributionContext: 0x7f8cc2a2e0c0; archive = '<IDEArchive: 0x7f8cc275af20>', distributionMethod='<IDEDistributionMethodAdHoc: 0x7f8cc28353a0>', team='<IDEProvisioningBasicTeam: 0x7f8cc2a19400; teamID='STA4LU67YY', teamName='Shen Zhang'>'>
	<IDEDistributionContext: 0x7f8cc285eb00; archive = '<IDEArchive: 0x7f8cc275af20>', distributionMethod='<IDEDistributionMethodAdHoc: 0x7f8cc28353a0>', team='<IDEProvisioningBasicTeam: 0x7f8cc2a19400; teamID='STA4LU67YY', teamName='Shen Zhang'>'>
	<IDEDistributionContext: 0x7f8cc2a27340; archive = '<IDEArchive: 0x7f8cc275af20>', distributionMethod='<IDEDistributionMethodAdHoc: 0x7f8cc28353a0>', team='<IDEProvisioningBasicTeam: 0x7f8cc2a19400; teamID='STA4LU67YY', teamName='Shen Zhang'>'>
	<IDEDistributionContext: 0x7f8cc2a25b90; archive = '<IDEArchive: 0x7f8cc275af20>', distributionMethod='<IDEDistributionMethodAdHoc: 0x7f8cc28353a0>', team='<IDEProvisioningBasicTeam: 0x7f8cc2a19400; teamID='STA4LU67YY', teamName='Shen Zhang'>'>
	<IDEDistributionContext: 0x7f8cc2a241d0; archive = '<IDEArchive: 0x7f8cc275af20>', distributionMethod='<IDEDistributionMethodAdHoc: 0x7f8cc28353a0>', team='<IDEProvisioningBasicTeam: 0x7f8cc2a19400; teamID='STA4LU67YY', teamName='Shen Zhang'>'>
	<IDEDistributionContext: 0x7f8cc2a22d80; archive = '<IDEArchive: 0x7f8cc275af20>', distributionMethod='<IDEDistributionMethodAdHoc: 0x7f8cc28353a0>', team='<IDEProvisioningBasicTeam: 0x7f8cc2a19400; teamID='STA4LU67YY', teamName='Shen Zhang'>'>
	<IDEDistributionContext: 0x7f8cc2791c50; archive = '<IDEArchive: 0x7f8cc275af20>', distributionMethod='<IDEDistributionMethodAdHoc: 0x7f8cc28353a0>', team='<IDEProvisioningBasicTeam: 0x7f8cc2a19400; teamID='STA4LU67YY', teamName='Shen Zhang'>'>
	<IDEDistributionContext: 0x7f8cc24521f0; archive = '<IDEArchive: 0x7f8cc275af20>', distributionMethod='<IDEDistributionMethodAdHoc: 0x7f8cc28353a0>', team='(null)'>
	<IDEDistributionContext: 0x7f8cbfe92590; archive = '<IDEArchive: 0x7f8cc275af20>', distributionMethod='(null)', team='(null)'>
</IDEDistributionProcessingPipelineContext: 0x7f8cc2a2f8a0>
2020-01-18 10:28:56 +0000 [MT] Processing step: IDEDistributionCreateDestRootStep
2020-01-18 10:28:56 +0000 [MT] Processing step: IDEDistributionCopyItemStep
2020-01-18 10:28:56 +0000 [MT] Running /usr/bin/ditto '-V' '/Users/dqk/Desktop/GuangXuan/elephant/Advertising/build/Advertising.xcarchive/Products/Applications/Advertising.app' '/var/folders/k7/gscdzq616098xn9yg354qnnc0000gn/T/XcodeDistPipeline.~~~g2AN2o/Root/Payload/Advertising.app'
2020-01-18 10:28:56 +0000  >>> Copying /Users/dqk/Desktop/GuangXuan/elephant/Advertising/build/Advertising.xcarchive/Products/Applications/Advertising.app 
2020-01-18 10:28:56 +0000  
2020-01-18 10:28:56 +0000  copying file ./_CodeSignature/CodeResources ... 
2020-01-18 10:28:56 +0000  57995 bytes for ./_CodeSignature/CodeResources
2020-01-18 10:28:56 +0000  copying file ./LaunchImage-1100-Portrait-2436h@3x.png ... 
2020-01-18 10:28:56 +0000  72048 bytes for ./LaunchImage-1100-Portrait-2436h@3x.png
2020-01-18 10:28:56 +0000  copying file ./AppIcon20x20@2x.png ... 
2020-01-18 10:28:56 +0000  2197 bytes for ./AppIcon20x20@2x.png
2020-01-18 10:28:56 +0000  copying file ./AlipaySDK.bundle/shutdown@2x.png ... 
2020-01-18 10:28:56 +0000  222 bytes for ./AlipaySDK.bundle/shutdown@2x.png
2020-01-18 10:28:56 +0000  copying file ./AlipaySDK.bundle/refresh@2x.png ... 
2020-01-18 10:28:56 +0000  605 bytes for ./AlipaySDK.bundle/refresh@2x.png
2020-01-18 10:28:56 +0000  copying file ./AlipaySDK.bundle/refresh_click@2x.png ... 
2020-01-18 10:28:56 +0000  1824 bytes for ./AlipaySDK.bundle/refresh_click@2x.png
copying file ./AlipaySDK.bundle/shutdown_click@2x.png ... 
2020-01-18 10:28:56 +0000  1319 bytes for ./AlipaySDK.bundle/shutdown_click@2x.png
2020-01-18 10:28:56 +0000  copying file ./AlipaySDK.bundle/bridge.js ... 
2020-01-18 10:28:56 +0000  3159 bytes for ./AlipaySDK.bundle/bridge.js
copying file ./AlipaySDK.bundle/bar@2x.png ... 
2020-01-18 10:28:56 +0000  1011 bytes for ./AlipaySDK.bundle/bar@2x.png
copying file ./AlipaySDK.bundle/alipay_msp_refresh@2x.png ... 
2020-01-18 10:28:56 +0000  663 bytes for ./AlipaySDK.bundle/alipay_msp_refresh@2x.png
2020-01-18 10:28:56 +0000  copying file ./AlipaySDK.bundle/alipay_msp_back@2x.png ... 
2020-01-18 10:28:56 +0000  409 bytes for ./AlipaySDK.bundle/alipay_msp_back@2x.png
2020-01-18 10:28:56 +0000  copying file ./AppIcon20x20@3x.png ... 
2020-01-18 10:28:56 +0000  2807 bytes for ./AppIcon20x20@3x.png
2020-01-18 10:28:56 +0000  copying file ./FMGAVPlayer.bundle/bg_media_default@2x.jpg ... 
2020-01-18 10:28:56 +0000  33658 bytes for ./FMGAVPlayer.bundle/bg_media_default@2x.jpg
copying file ./FMGAVPlayer.bundle/fast_forward.png ... 
2020-01-18 10:28:56 +0000  5054 bytes for ./FMGAVPlayer.bundle/fast_forward.png
2020-01-18 10:28:56 +0000  copying file ./FMGAVPlayer.bundle/MaximumTrackImage@2x.png ... 
2020-01-18 10:28:56 +0000  925 bytes for ./FMGAVPlayer.bundle/MaximumTrackImage@2x.png
copying file ./FMGAVPlayer.bundle/full_minimize_btn@3x.png ... 
2020-01-18 10:28:56 +0000  1861 bytes for ./FMGAVPlayer.bundle/full_minimize_btn@3x.png
copying file ./FMGAVPlayer.bundle/logo.gif ... 
2020-01-18 10:28:56 +0000  5260 bytes for ./FMGAVPlayer.bundle/logo.gif
copying file ./FMGAVPlayer.bundle/full_minimize_btn@2x.png ... 
2020-01-18 10:28:56 +0000  1431 bytes for ./FMGAVPlayer.bundle/full_minimize_btn@2x.png
copying file ./FMGAVPlayer.bundle/full_pause_btn@3x.png ... 
2020-01-18 10:28:56 +0000  1428 bytes for ./FMGAVPlayer.bundle/full_pause_btn@3x.png
2020-01-18 10:28:56 +0000  copying file ./FMGAVPlayer.bundle/mini_launchFullScreen_btn@2x.png ... 
2020-01-18 10:28:56 +0000  1422 bytes for ./FMGAVPlayer.bundle/mini_launchFullScreen_btn@2x.png
copying file ./FMGAVPlayer.bundle/fast_back.png ... 
2020-01-18 10:28:56 +0000  5093 bytes for ./FMGAVPlayer.bundle/fast_back.png
copying file ./FMGAVPlayer.bundle/thumbImage@2x.png ... 
2020-01-18 10:28:56 +0000  1524 bytes for ./FMGAVPlayer.bundle/thumbImage@2x.png
2020-01-18 10:28:56 +0000  copying file ./FMGAVPlayer.bundle/mini_launchFullScreen_btn@3x.png ... 
2020-01-18 10:28:56 +0000  1875 bytes for ./FMGAVPlayer.bundle/mini_launchFullScreen_btn@3x.png
2020-01-18 10:28:56 +0000  copying file ./FMGAVPlayer.bundle/full_pause_btn@2x.png ... 
2020-01-18 10:28:56 +0000  1190 bytes for ./FMGAVPlayer.bundle/full_pause_btn@2x.png
copying file ./FMGAVPlayer.bundle/full_pause_btn_hl@3x.png ... 
2020-01-18 10:28:56 +0000  1470 bytes for ./FMGAVPlayer.bundle/full_pause_btn_hl@3x.png
2020-01-18 10:28:56 +0000  copying file ./FMGAVPlayer.bundle/mini_launchFullScreen_btn_hl@3x.png ... 
2020-01-18 10:28:56 +0000  2111 bytes for ./FMGAVPlayer.bundle/mini_launchFullScreen_btn_hl@3x.png
2020-01-18 10:28:56 +0000  copying file ./FMGAVPlayer.bundle/MinimumTrackImage@2x.png ... 
2020-01-18 10:28:56 +0000  925 bytes for ./FMGAVPlayer.bundle/MinimumTrackImage@2x.png
2020-01-18 10:28:56 +0000  copying file ./FMGAVPlayer.bundle/mini_launchFullScreen_btn_hl@2x.png ... 
2020-01-18 10:28:56 +0000  1589 bytes for ./FMGAVPlayer.bundle/mini_launchFullScreen_btn_hl@2x.png
2020-01-18 10:28:56 +0000  copying file ./FMGAVPlayer.bundle/full_pause_btn_hl@2x.png ... 
2020-01-18 10:28:56 +0000  1232 bytes for ./FMGAVPlayer.bundle/full_pause_btn_hl@2x.png
copying file ./FMGAVPlayer.bundle/full_minimize_btn_hl@3x.png ... 
2020-01-18 10:28:56 +0000  2058 bytes for ./FMGAVPlayer.bundle/full_minimize_btn_hl@3x.png
2020-01-18 10:28:56 +0000  copying file ./FMGAVPlayer.bundle/full_play_btn_hl@3x.png ... 
2020-01-18 10:28:56 +0000  2361 bytes for ./FMGAVPlayer.bundle/full_play_btn_hl@3x.png
2020-01-18 10:28:56 +0000  copying file ./FMGAVPlayer.bundle/full_play_btn@3x.png ... 
2020-01-18 10:28:56 +0000  2016 bytes for ./FMGAVPlayer.bundle/full_play_btn@3x.png
copying file ./FMGAVPlayer.bundle/FMGVideoPlayView.h ... 
2020-01-18 10:28:56 +0000  1259 bytes for ./FMGAVPlayer.bundle/FMGVideoPlayView.h
2020-01-18 10:28:56 +0000  copying file ./FMGAVPlayer.bundle/full_play_btn@2x.png ... 
2020-01-18 10:28:56 +0000  1556 bytes for ./FMGAVPlayer.bundle/full_play_btn@2x.png
2020-01-18 10:28:56 +0000  copying file ./FMGAVPlayer.bundle/full_play_btn_hl@2x.png ... 
2020-01-18 10:28:56 +0000  1805 bytes for ./FMGAVPlayer.bundle/full_play_btn_hl@2x.png
2020-01-18 10:28:56 +0000  copying file ./FMGAVPlayer.bundle/full_minimize_btn_hl@2x.png ... 
2020-01-18 10:28:56 +0000  1495 bytes for ./FMGAVPlayer.bundle/full_minimize_btn_hl@2x.png
2020-01-18 10:28:56 +0000  copying file ./home_agent.gif ... 
2020-01-18 10:28:57 +0000  208634 bytes for ./home_agent.gif
2020-01-18 10:28:57 +0000  copying file ./MJRefresh.bundle/zh-Hans.lproj/Localizable.strings ... 
2020-01-18 10:28:57 +0000  1194 bytes for ./MJRefresh.bundle/zh-Hans.lproj/Localizable.strings
2020-01-18 10:28:57 +0000  copying file ./MJRefresh.bundle/en.lproj/Localizable.strings ... 
2020-01-18 10:28:57 +0000  691 bytes for ./MJRefresh.bundle/en.lproj/Localizable.strings
2020-01-18 10:28:57 +0000  copying file ./MJRefresh.bundle/arrow@2x.png ... 
2020-01-18 10:28:57 +0000  1033 bytes for ./MJRefresh.bundle/arrow@2x.png
2020-01-18 10:28:57 +0000  copying file ./MJRefresh.bundle/ko.lproj/Localizable.strings ... 
2020-01-18 10:28:57 +0000  771 bytes for ./MJRefresh.bundle/ko.lproj/Localizable.strings
2020-01-18 10:28:57 +0000  copying file ./MJRefresh.bundle/zh-Hant.lproj/Localizable.strings ... 
2020-01-18 10:28:57 +0000  773 bytes for ./MJRefresh.bundle/zh-Hant.lproj/Localizable.strings
2020-01-18 10:28:57 +0000  copying file ./AppIcon60x60@2x.png ... 
2020-01-18 10:28:57 +0000  5161 bytes for ./AppIcon60x60@2x.png
2020-01-18 10:28:57 +0000  copying file ./IQKeyboardManager.bundle/IQButtonBarArrowRight@2x.png ... 
2020-01-18 10:28:57 +0000  1786 bytes for ./IQKeyboardManager.bundle/IQButtonBarArrowRight@2x.png
2020-01-18 10:28:57 +0000  copying file ./IQKeyboardManager.bundle/IQButtonBarArrowUp@3x.png ... 
2020-01-18 10:28:57 +0000  2164 bytes for ./IQKeyboardManager.bundle/IQButtonBarArrowUp@3x.png
2020-01-18 10:28:57 +0000  copying file ./IQKeyboardManager.bundle/IQButtonBarArrowUp@2x.png ... 
2020-01-18 10:28:57 +0000  1769 bytes for ./IQKeyboardManager.bundle/IQButtonBarArrowUp@2x.png
2020-01-18 10:28:57 +0000  copying file ./IQKeyboardManager.bundle/IQButtonBarArrowRight@3x.png ... 
2020-01-18 10:28:57 +0000  1844 bytes for ./IQKeyboardManager.bundle/IQButtonBarArrowRight@3x.png
2020-01-18 10:28:57 +0000  copying file ./IQKeyboardManager.bundle/IQButtonBarArrowLeft@3x.png ... 
2020-01-18 10:28:57 +0000  1815 bytes for ./IQKeyboardManager.bundle/IQButtonBarArrowLeft@3x.png
2020-01-18 10:28:57 +0000  copying file ./IQKeyboardManager.bundle/IQButtonBarArrowDown@3x.png ... 
2020-01-18 10:28:57 +0000  2177 bytes for ./IQKeyboardManager.bundle/IQButtonBarArrowDown@3x.png
copying file ./IQKeyboardManager.bundle/IQButtonBarArrowDown@2x.png ... 
2020-01-18 10:28:57 +0000  1764 bytes for ./IQKeyboardManager.bundle/IQButtonBarArrowDown@2x.png
copying file ./IQKeyboardManager.bundle/IQButtonBarArrowLeft@2x.png ... 
2020-01-18 10:28:57 +0000  1793 bytes for ./IQKeyboardManager.bundle/IQButtonBarArrowLeft@2x.png
2020-01-18 10:28:57 +0000  copying file ./AppIcon29x29@2x.png ... 
2020-01-18 10:28:57 +0000  2682 bytes for ./AppIcon29x29@2x.png
2020-01-18 10:28:57 +0000  copying file ./LaunchImage-800-667h@2x.png ... 
2020-01-18 10:28:57 +0000  39029 bytes for ./LaunchImage-800-667h@2x.png
2020-01-18 10:28:57 +0000  copying file ./AppIcon40x40@3x.png ... 
2020-01-18 10:28:57 +0000  5161 bytes for ./AppIcon40x40@3x.png
2020-01-18 10:28:57 +0000  copying file ./TZImagePickerController.bundle/de.lproj/Localizable.strings ... 
2020-01-18 10:28:57 +0000  1737 bytes for ./TZImagePickerController.bundle/de.lproj/Localizable.strings
2020-01-18 10:28:57 +0000  copying file ./TZImagePickerController.bundle/he.lproj/Localizable.strings ... 
2020-01-18 10:28:57 +0000  953 bytes for ./TZImagePickerController.bundle/he.lproj/Localizable.strings
2020-01-18 10:28:57 +0000  copying file ./TZImagePickerController.bundle/ar.lproj/Localizable.strings ... 
2020-01-18 10:28:57 +0000  2068 bytes for ./TZImagePickerController.bundle/ar.lproj/Localizable.strings
2020-01-18 10:28:57 +0000  copying file ./TZImagePickerController.bundle/el.lproj/Localizable.strings ... 
2020-01-18 10:28:57 +0000  1151 bytes for ./TZImagePickerController.bundle/el.lproj/Localizable.strings
2020-01-18 10:28:57 +0000  copying file ./TZImagePickerController.bundle/takePicture@2x.png ... 
2020-01-18 10:28:57 +0000  3054 bytes for ./TZImagePickerController.bundle/takePicture@2x.png
2020-01-18 10:28:57 +0000  copying file ./TZImagePickerController.bundle/zh-Hans.lproj/Localizable.strings ... 
2020-01-18 10:28:57 +0000  2428 bytes for ./TZImagePickerController.bundle/zh-Hans.lproj/Localizable.strings
2020-01-18 10:28:57 +0000  copying file ./TZImagePickerController.bundle/ja.lproj/Localizable.strings ... 
2020-01-18 10:28:57 +0000  1956 bytes for ./TZImagePickerController.bundle/ja.lproj/Localizable.strings
2020-01-18 10:28:57 +0000  copying file ./TZImagePickerController.bundle/photo_sel_photoPickerVc@2x.png ... 
2020-01-18 10:28:57 +0000  1006 bytes for ./TZImagePickerController.bundle/photo_sel_photoPickerVc@2x.png
2020-01-18 10:28:57 +0000  copying file ./TZImagePickerController.bundle/en.lproj/Localizable.strings ... 
2020-01-18 10:28:57 +0000  3138 bytes for ./TZImagePickerController.bundle/en.lproj/Localizable.strings
2020-01-18 10:28:57 +0000  copying file ./TZImagePickerController.bundle/uk.lproj/Localizable.strings ... 
2020-01-18 10:28:57 +0000  1096 bytes for ./TZImagePickerController.bundle/uk.lproj/Localizable.strings
2020-01-18 10:28:57 +0000  copying file ./TZImagePickerController.bundle/MMVideoPreviewPlayHL@2x.png ... 
2020-01-18 10:28:57 +0000  3645 bytes for ./TZImagePickerController.bundle/MMVideoPreviewPlayHL@2x.png
2020-01-18 10:28:57 +0000  copying file ./TZImagePickerController.bundle/es.lproj/Localizable.strings ... 
2020-01-18 10:28:57 +0000  1685 bytes for ./TZImagePickerController.bundle/es.lproj/Localizable.strings
2020-01-18 10:28:57 +0000  copying file ./TZImagePickerController.bundle/photo_sel_previewVc@2x.png ... 
2020-01-18 10:28:57 +0000  1183 bytes for ./TZImagePickerController.bundle/photo_sel_previewVc@2x.png
2020-01-18 10:28:57 +0000  copying file ./TZImagePickerController.bundle/MMVideoPreviewPlay@2x.png ... 
2020-01-18 10:28:57 +0000  3645 bytes for ./TZImagePickerController.bundle/MMVideoPreviewPlay@2x.png
2020-01-18 10:28:57 +0000  copying file ./TZImagePickerController.bundle/it.lproj/Localizable.strings ... 
2020-01-18 10:28:57 +0000  873 bytes for ./TZImagePickerController.bundle/it.lproj/Localizable.strings
2020-01-18 10:28:57 +0000  copying file ./TZImagePickerController.bundle/bg.lproj/Localizable.strings ... 
2020-01-18 10:28:57 +0000  1080 bytes for ./TZImagePickerController.bundle/bg.lproj/Localizable.strings
2020-01-18 10:28:57 +0000  copying file ./TZImagePickerController.bundle/sk.lproj/Localizable.strings ... 
2020-01-18 10:28:57 +0000  879 bytes for ./TZImagePickerController.bundle/sk.lproj/Localizable.strings
2020-01-18 10:28:57 +0000  copying file ./TZImagePickerController.bundle/preview_original_def@2x.png ... 
2020-01-18 10:28:57 +0000  392 bytes for ./TZImagePickerController.bundle/preview_original_def@2x.png
2020-01-18 10:28:57 +0000  copying file ./TZImagePickerController.bundle/sv.lproj/Localizable.strings ... 
2020-01-18 10:28:57 +0000  824 bytes for ./TZImagePickerController.bundle/sv.lproj/Localizable.strings
2020-01-18 10:28:57 +0000  copying file ./TZImagePickerController.bundle/photo_def_previewVc@2x.png ... 
2020-01-18 10:28:57 +0000  1155 bytes for ./TZImagePickerController.bundle/photo_def_previewVc@2x.png
2020-01-18 10:28:57 +0000  copying file ./TZImagePickerController.bundle/ko.lproj/Localizable.strings ... 
2020-01-18 10:28:57 +0000  886 bytes for ./TZImagePickerController.bundle/ko.lproj/Localizable.strings
2020-01-18 10:28:57 +0000  copying file ./TZImagePickerController.bundle/photo_original_sel@2x.png ... 
2020-01-18 10:28:57 +0000  620 bytes for ./TZImagePickerController.bundle/photo_original_sel@2x.png
2020-01-18 10:28:57 +0000  copying file ./TZImagePickerController.bundle/ko-KP.lproj/Localizable.strings ... 
2020-01-18 10:28:57 +0000  1868 bytes for ./TZImagePickerController.bundle/ko-KP.lproj/Localizable.strings
2020-01-18 10:28:57 +0000  copying file ./TZImagePickerController.bundle/zh-Hant.lproj/Localizable.strings ... 
2020-01-18 10:28:57 +0000  2424 bytes for ./TZImagePickerController.bundle/zh-Hant.lproj/Localizable.strings
2020-01-18 10:28:57 +0000  copying file ./TZImagePickerController.bundle/takePicture80@2x.png ... 
2020-01-18 10:28:57 +0000  1285 bytes for ./TZImagePickerController.bundle/takePicture80@2x.png
2020-01-18 10:28:57 +0000  copying file ./TZImagePickerController.bundle/photo_def_photoPickerVc@2x.png ... 
2020-01-18 10:28:57 +0000  1155 bytes for ./TZImagePickerController.bundle/photo_def_photoPickerVc@2x.png
2020-01-18 10:28:57 +0000  copying file ./TZImagePickerController.bundle/tr.lproj/Localizable.strings ... 
2020-01-18 10:28:57 +0000  844 bytes for ./TZImagePickerController.bundle/tr.lproj/Localizable.strings
2020-01-18 10:28:57 +0000  copying file ./TZImagePickerController.bundle/pl.lproj/Localizable.strings ... 
2020-01-18 10:28:57 +0000  858 bytes for ./TZImagePickerController.bundle/pl.lproj/Localizable.strings
2020-01-18 10:28:57 +0000  copying file ./TZImagePickerController.bundle/preview_number_icon@2x.png ... 
501 bytes for ./TZImagePickerController.bundle/preview_number_icon@2x.png
2020-01-18 10:28:57 +0000  copying file ./TZImagePickerController.bundle/vi.lproj/Localizable.strings ... 
2020-01-18 10:28:57 +0000  1899 bytes for ./TZImagePickerController.bundle/vi.lproj/Localizable.strings
2020-01-18 10:28:57 +0000  copying file ./TZImagePickerController.bundle/navi_back@2x.png ... 
2020-01-18 10:28:57 +0000  116 bytes for ./TZImagePickerController.bundle/navi_back@2x.png
2020-01-18 10:28:57 +0000  copying file ./TZImagePickerController.bundle/ru.lproj/Localizable.strings ... 
2020-01-18 10:28:57 +0000  2276 bytes for ./TZImagePickerController.bundle/ru.lproj/Localizable.strings
2020-01-18 10:28:57 +0000  copying file ./TZImagePickerController.bundle/cs-CZ.lproj/Localizable.strings ... 
2020-01-18 10:28:57 +0000  822 bytes for ./TZImagePickerController.bundle/cs-CZ.lproj/Localizable.strings
2020-01-18 10:28:57 +0000  copying file ./TZImagePickerController.bundle/photo_original_def@2x.png ... 
2020-01-18 10:28:57 +0000  1602 bytes for ./TZImagePickerController.bundle/photo_original_def@2x.png
2020-01-18 10:28:57 +0000  copying file ./TZImagePickerController.bundle/fr.lproj/Localizable.strings ... 
2020-01-18 10:28:57 +0000  1821 bytes for ./TZImagePickerController.bundle/fr.lproj/Localizable.strings
2020-01-18 10:28:57 +0000  copying file ./TZImagePickerController.bundle/nl.lproj/Localizable.strings ... 
2020-01-18 10:28:57 +0000  821 bytes for ./TZImagePickerController.bundle/nl.lproj/Localizable.strings
2020-01-18 10:28:57 +0000  copying file ./TZImagePickerController.bundle/th.lproj/Localizable.strings ... 
2020-01-18 10:28:57 +0000  1247 bytes for ./TZImagePickerController.bundle/th.lproj/Localizable.strings
2020-01-18 10:28:57 +0000  copying file ./TZImagePickerController.bundle/pt.lproj/Localizable.strings ... 
2020-01-18 10:28:57 +0000  1716 bytes for ./TZImagePickerController.bundle/pt.lproj/Localizable.strings
2020-01-18 10:28:57 +0000  copying file ./TZImagePickerController.bundle/photo_number_icon@2x.png ... 
2020-01-18 10:28:57 +0000  501 bytes for ./TZImagePickerController.bundle/photo_number_icon@2x.png
copying file ./TZImagePickerController.bundle/VideoSendIcon@2x.png ... 
2020-01-18 10:28:57 +0000  223 bytes for ./TZImagePickerController.bundle/VideoSendIcon@2x.png
2020-01-18 10:28:57 +0000  copying file ./TZImagePickerController.bundle/ro.lproj/Localizable.strings ... 
2020-01-18 10:28:57 +0000  887 bytes for ./TZImagePickerController.bundle/ro.lproj/Localizable.strings
2020-01-18 10:28:57 +0000  copying file ./AppIcon40x40@2x.png ... 
2020-01-18 10:28:57 +0000  3481 bytes for ./AppIcon40x40@2x.png
2020-01-18 10:28:57 +0000  copying file ./LaunchImage-1200-Portrait-2688h@3x.png ... 
2020-01-18 10:28:57 +0000  83368 bytes for ./LaunchImage-1200-Portrait-2688h@3x.png
2020-01-18 10:28:57 +0000  copying file ./AppIcon29x29@3x.png ... 
2020-01-18 10:28:57 +0000  3821 bytes for ./AppIcon29x29@3x.png
2020-01-18 10:28:57 +0000  copying file ./AppIcon60x60@3x.png ... 
2020-01-18 10:28:57 +0000  7273 bytes for ./AppIcon60x60@3x.png
2020-01-18 10:28:57 +0000  copying file ./Base.lproj/LaunchScreen.storyboardc/01J-lp-oVM-view-Ze5-6b-2t3.nib ... 
2020-01-18 10:28:57 +0000  1988 bytes for ./Base.lproj/LaunchScreen.storyboardc/01J-lp-oVM-view-Ze5-6b-2t3.nib
copying file ./Base.lproj/LaunchScreen.storyboardc/UIViewController-01J-lp-oVM.nib ... 
2020-01-18 10:28:57 +0000  832 bytes for ./Base.lproj/LaunchScreen.storyboardc/UIViewController-01J-lp-oVM.nib
2020-01-18 10:28:57 +0000  copying file ./Base.lproj/LaunchScreen.storyboardc/Info.plist ... 
2020-01-18 10:28:57 +0000  258 bytes for ./Base.lproj/LaunchScreen.storyboardc/Info.plist
2020-01-18 10:28:57 +0000  copying file ./ZFPlayer.bundle/ZFPlayer_unlock-nor@2x.png ... 
2020-01-18 10:28:57 +0000  2466 bytes for ./ZFPlayer.bundle/ZFPlayer_unlock-nor@2x.png
2020-01-18 10:28:57 +0000  copying file ./ZFPlayer.bundle/ZFPlayer_slider.png ... 
2020-01-18 10:28:57 +0000  1117 bytes for ./ZFPlayer.bundle/ZFPlayer_slider.png
2020-01-18 10:28:57 +0000  copying file ./ZFPlayer.bundle/ZFPlayer_play@3x.png ... 
2020-01-18 10:28:57 +0000  660 bytes for ./ZFPlayer.bundle/ZFPlayer_play@3x.png
2020-01-18 10:28:57 +0000  copying file ./ZFPlayer.bundle/ZFPlayer_volume_low@3x.png ... 
2020-01-18 10:28:57 +0000  3974 bytes for ./ZFPlayer.bundle/ZFPlayer_volume_low@3x.png
copying file ./ZFPlayer.bundle/ZFPlayer_muted@2x.png ... 
2020-01-18 10:28:57 +0000  3807 bytes for ./ZFPlayer.bundle/ZFPlayer_muted@2x.png
copying file ./ZFPlayer.bundle/ZFPlayer_slider@2x.png ... 
2020-01-18 10:28:57 +0000  577 bytes for ./ZFPlayer.bundle/ZFPlayer_slider@2x.png
2020-01-18 10:28:57 +0000  copying file ./ZFPlayer.bundle/ZFPlayer_slider@3x.png ... 
2020-01-18 10:28:57 +0000  2061 bytes for ./ZFPlayer.bundle/ZFPlayer_slider@3x.png
copying file ./ZFPlayer.bundle/ZFPlayer_muted@3x.png ... 
2020-01-18 10:28:57 +0000  4046 bytes for ./ZFPlayer.bundle/ZFPlayer_muted@3x.png
copying file ./ZFPlayer.bundle/ZFPlayer_volume_low@2x.png ... 
2020-01-18 10:28:57 +0000  3709 bytes for ./ZFPlayer.bundle/ZFPlayer_volume_low@2x.png
2020-01-18 10:28:57 +0000  copying file ./ZFPlayer.bundle/ZFPlayer_play@2x.png ... 
2020-01-18 10:28:57 +0000  453 bytes for ./ZFPlayer.bundle/ZFPlayer_play@2x.png
copying file ./ZFPlayer.bundle/ZFPlayer_unlock-nor@3x.png ... 
2020-01-18 10:28:57 +0000  3786 bytes for ./ZFPlayer.bundle/ZFPlayer_unlock-nor@3x.png
copying file ./ZFPlayer.bundle/ZFPlayer_brightness_low@2x.png ... 
2020-01-18 10:28:57 +0000  3779 bytes for ./ZFPlayer.bundle/ZFPlayer_brightness_low@2x.png
2020-01-18 10:28:57 +0000  copying file ./ZFPlayer.bundle/ZFPlayer_shrinkscreen@3x.png ... 
2020-01-18 10:28:57 +0000  1221 bytes for ./ZFPlayer.bundle/ZFPlayer_shrinkscreen@3x.png
copying file ./ZFPlayer.bundle/ZFPlayer_pause@3x.png ... 
2020-01-18 10:28:57 +0000  188 bytes for ./ZFPlayer.bundle/ZFPlayer_pause@3x.png
copying file ./ZFPlayer.bundle/ZFPlayer_lock-nor@2x.png ... 
2020-01-18 10:28:57 +0000  2481 bytes for ./ZFPlayer.bundle/ZFPlayer_lock-nor@2x.png
2020-01-18 10:28:57 +0000  copying file ./ZFPlayer.bundle/ZFPlayer_fast_forward@2x.png ... 
2020-01-18 10:28:57 +0000  565 bytes for ./ZFPlayer.bundle/ZFPlayer_fast_forward@2x.png
copying file ./ZFPlayer.bundle/ZFPlayer_fast_forward@3x.png ... 
2020-01-18 10:28:57 +0000  772 bytes for ./ZFPlayer.bundle/ZFPlayer_fast_forward@3x.png
copying file ./ZFPlayer.bundle/ZFPlayer_lock-nor@3x.png ... 
2020-01-18 10:28:57 +0000  3797 bytes for ./ZFPlayer.bundle/ZFPlayer_lock-nor@3x.png
2020-01-18 10:28:57 +0000  copying file ./ZFPlayer.bundle/ZFPlayer_pause@2x.png ... 
2020-01-18 10:28:57 +0000  168 bytes for ./ZFPlayer.bundle/ZFPlayer_pause@2x.png
copying file ./ZFPlayer.bundle/ZFPlayer_brightness_low@3x.png ... 
2020-01-18 10:28:57 +0000  4027 bytes for ./ZFPlayer.bundle/ZFPlayer_brightness_low@3x.png
2020-01-18 10:28:57 +0000  copying file ./ZFPlayer.bundle/ZFPlayer_shrinkscreen@2x.png ... 
2020-01-18 10:28:57 +0000  1096 bytes for ./ZFPlayer.bundle/ZFPlayer_shrinkscreen@2x.png
copying file ./ZFPlayer.bundle/new_allPause_44x44_@3x.png ... 
2020-01-18 10:28:57 +0000  2594 bytes for ./ZFPlayer.bundle/new_allPause_44x44_@3x.png
copying file ./ZFPlayer.bundle/ZFPlayer_top_shadow.png ... 
2020-01-18 10:28:57 +0000  3021 bytes for ./ZFPlayer.bundle/ZFPlayer_top_shadow.png
2020-01-18 10:28:57 +0000  copying file ./ZFPlayer.bundle/ZFPlayer_brightness_high@3x.png ... 
2020-01-18 10:28:57 +0000  4162 bytes for ./ZFPlayer.bundle/ZFPlayer_brightness_high@3x.png
2020-01-18 10:28:57 +0000  copying file ./ZFPlayer.bundle/ZFPlayer_close@2x.png ... 
2020-01-18 10:28:57 +0000  1851 bytes for ./ZFPlayer.bundle/ZFPlayer_close@2x.png
2020-01-18 10:28:57 +0000  copying file ./ZFPlayer.bundle/ZFPlayer_fast_backward@3x.png ... 
2020-01-18 10:28:57 +0000  834 bytes for ./ZFPlayer.bundle/ZFPlayer_fast_backward@3x.png
2020-01-18 10:28:57 +0000  copying file ./ZFPlayer.bundle/ZFPlayer_close@3x.png ... 
2020-01-18 10:28:57 +0000  2325 bytes for ./ZFPlayer.bundle/ZFPlayer_close@3x.png
2020-01-18 10:28:57 +0000  copying file ./ZFPlayer.bundle/ZFPlayer_fast_backward@2x.png ... 
2020-01-18 10:28:57 +0000  615 bytes for ./ZFPlayer.bundle/ZFPlayer_fast_backward@2x.png
copying file ./ZFPlayer.bundle/ZFPlayer_brightness_high@2x.png ... 
2020-01-18 10:28:57 +0000  3793 bytes for ./ZFPlayer.bundle/ZFPlayer_brightness_high@2x.png
2020-01-18 10:28:57 +0000  copying file ./ZFPlayer.bundle/new_allPause_44x44_@2x.png ... 
2020-01-18 10:28:57 +0000  1630 bytes for ./ZFPlayer.bundle/new_allPause_44x44_@2x.png
copying file ./ZFPlayer.bundle/ZFPlayer_volume_high@2x.png ... 
2020-01-18 10:28:57 +0000  3845 bytes for ./ZFPlayer.bundle/ZFPlayer_volume_high@2x.png
copying file ./ZFPlayer.bundle/ZFPlayer_bottom_shadow.png ... 
2020-01-18 10:28:57 +0000  1142 bytes for ./ZFPlayer.bundle/ZFPlayer_bottom_shadow.png
2020-01-18 10:28:57 +0000  copying file ./ZFPlayer.bundle/new_allPlay_44x44_@3x.png ... 
2020-01-18 10:28:57 +0000  4150 bytes for ./ZFPlayer.bundle/new_allPlay_44x44_@3x.png
2020-01-18 10:28:57 +0000  copying file ./ZFPlayer.bundle/ZFPlayer_fullscreen@3x.png ... 
2020-01-18 10:28:57 +0000  1213 bytes for ./ZFPlayer.bundle/ZFPlayer_fullscreen@3x.png
2020-01-18 10:28:57 +0000  copying file ./ZFPlayer.bundle/ZFPlayer_next@2x.png ... 
2020-01-18 10:28:57 +0000  407 bytes for ./ZFPlayer.bundle/ZFPlayer_next@2x.png
2020-01-18 10:28:57 +0000  copying file ./ZFPlayer.bundle/ZFPlayer_closeWatch@3x.png ... 
2020-01-18 10:28:57 +0000  1088 bytes for ./ZFPlayer.bundle/ZFPlayer_closeWatch@3x.png
2020-01-18 10:28:57 +0000  copying file ./ZFPlayer.bundle/ZFPlayer_back_full@3x.png ... 
2020-01-18 10:28:57 +0000  513 bytes for ./ZFPlayer.bundle/ZFPlayer_back_full@3x.png
2020-01-18 10:28:57 +0000  copying file ./ZFPlayer.bundle/ZFPlayer_back_full@2x.png ... 
2020-01-18 10:28:57 +0000  339 bytes for ./ZFPlayer.bundle/ZFPlayer_back_full@2x.png
copying file ./ZFPlayer.bundle/ZFPlayer_next@3x.png ... 
2020-01-18 10:28:57 +0000  585 bytes for ./ZFPlayer.bundle/ZFPlayer_next@3x.png
copying file ./ZFPlayer.bundle/ZFPlayer_closeWatch@2x.png ... 
2020-01-18 10:28:57 +0000  761 bytes for ./ZFPlayer.bundle/ZFPlayer_closeWatch@2x.png
copying file ./ZFPlayer.bundle/ZFPlayer_fullscreen@2x.png ... 
2020-01-18 10:28:57 +0000  1094 bytes for ./ZFPlayer.bundle/ZFPlayer_fullscreen@2x.png
copying file ./ZFPlayer.bundle/new_allPlay_44x44_@2x.png ... 
2020-01-18 10:28:57 +0000  2624 bytes for ./ZFPlayer.bundle/new_allPlay_44x44_@2x.png
copying file ./ZFPlayer.bundle/ZFPlayer_volume_high@3x.png ... 
2020-01-18 10:28:57 +0000  4186 bytes for ./ZFPlayer.bundle/ZFPlayer_volume_high@3x.png
2020-01-18 10:28:57 +0000  copying file ./Assets.car ... 
2020-01-18 10:28:57 +0000  39916632 bytes for ./Assets.car
copying file ./LaunchImage-800-Portrait-736h@3x.png ... 
2020-01-18 10:28:57 +0000  79800 bytes for ./LaunchImage-800-Portrait-736h@3x.png
copying file ./danmakufile ... 
2020-01-18 10:28:57 +0000  102116 bytes for ./danmakufile
2020-01-18 10:28:57 +0000  copying file ./Advertising ... 
2020-01-18 10:28:58 +0000  62696896 bytes for ./Advertising
copying file ./LaunchImage-1200-Portrait-1792h@2x.png ... 
2020-01-18 10:28:58 +0000  45670 bytes for ./LaunchImage-1200-Portrait-1792h@2x.png
copying file ./FMGVideoPlayView.nib ... 
2020-01-18 10:28:58 +0000  6276 bytes for ./FMGVideoPlayView.nib
2020-01-18 10:28:58 +0000  copying file ./XMMineCell.nib ... 
2020-01-18 10:28:58 +0000  4116 bytes for ./XMMineCell.nib
2020-01-18 10:28:58 +0000  copying file ./embedded.mobileprovision ... 
2020-01-18 10:28:58 +0000  8139 bytes for ./embedded.mobileprovision
2020-01-18 10:28:58 +0000  copying file ./home_booth.gif ... 
2020-01-18 10:28:58 +0000  30505 bytes for ./home_booth.gif
2020-01-18 10:28:58 +0000  copying file ./home_lanlord.gif ... 
2020-01-18 10:28:58 +0000  46330 bytes for ./home_lanlord.gif
copying file ./Info.plist ... 
2020-01-18 10:28:58 +0000  2406 bytes for ./Info.plist
copying file ./PkgInfo ... 
2020-01-18 10:28:58 +0000  8 bytes for ./PkgInfo
2020-01-18 10:28:58 +0000 [MT] /usr/bin/ditto exited with 0
2020-01-18 10:28:58 +0000 [MT] Processing step: IDEDistributionEmbedProfileStep
2020-01-18 10:28:58 +0000 [MT] Processing step: IDEDistributionAppThinningPlistStep
2020-01-18 10:28:58 +0000 [MT] Skipping step: IDEDistributionAppThinningPlistStep because it said so
2020-01-18 10:28:58 +0000 [MT] Processing step: IDEDistributionCompileBitcodeStep
2020-01-18 10:28:58 +0000 [MT] Skipping step: IDEDistributionCompileBitcodeStep because it said so
2020-01-18 10:28:58 +0000 [MT] Processing step: IDEDistributionCodeSlimmingStep
2020-01-18 10:28:58 +0000 [MT] Processing step: IDEDistributionCopyBCSymbolMapsStep
2020-01-18 10:28:58 +0000 [MT] Skipping step: IDEDistributionCopyBCSymbolMapsStep because it said so
2020-01-18 10:28:58 +0000 [MT] Processing step: IDEDistributionSymbolsStep
2020-01-18 10:28:58 +0000 [MT] Skipping step: IDEDistributionSymbolsStep because it said so
2020-01-18 10:28:58 +0000 [MT] Processing step: IDEDistributionAppThinningStep
2020-01-18 10:28:58 +0000 [MT] Skipping step: IDEDistributionAppThinningStep because it said so
2020-01-18 10:28:58 +0000 [MT] Processing step: IDEDistributionArchThinningStep
2020-01-18 10:28:58 +0000 [MT] Running /Applications/Xcode.app/Contents/Developer/Toolchains/XcodeDefault.xctoolchain/usr/bin/lipo '/var/folders/k7/gscdzq616098xn9yg354qnnc0000gn/T/XcodeDistPipeline.~~~g2AN2o/Root/Payload/Advertising.app/Advertising' '-verify_arch' 'arm64e'
2020-01-18 10:28:58 +0000 [MT] /Applications/Xcode.app/Contents/Developer/Toolchains/XcodeDefault.xctoolchain/usr/bin/lipo exited with 1
2020-01-18 10:28:58 +0000 [MT] Skipping architecture thinning for item "Advertising" because arch "arm64e" wasn't found
2020-01-18 10:28:58 +0000 [MT] Processing step: IDEDistributionODRStep
2020-01-18 10:28:58 +0000 [MT] Processing step: IDEDistributionStripXattrsStep
2020-01-18 10:28:58 +0000 [MT] Running /usr/bin/xattr '-crs' '/var/folders/k7/gscdzq616098xn9yg354qnnc0000gn/T/XcodeDistPipeline.~~~g2AN2o/Root/Payload/Advertising.app'
2020-01-18 10:28:59 +0000 [MT] /usr/bin/xattr exited with 0
2020-01-18 10:28:59 +0000 [MT] Processing step: IDEDistributionCodesignStep
2020-01-18 10:28:59 +0000 [MT] Entitlements for <IDEDistributionItem: 0x7f8cc2970f00 'com.gugu.xiangmu' '<DVTFilePath:0x7f8cc26b4690:'/Users/dqk/Desktop/GuangXuan/elephant/Advertising/build/Advertising.xcarchive/Products/Applications/Advertising.app'>'>: {
    "application-identifier" = "STA4LU67YY.com.gugu.xiangmu";
    "com.apple.developer.team-identifier" = STA4LU67YY;
    "get-task-allow" = 0;
    "keychain-access-groups" =     (
        "STA4LU67YY.com.gugu.xiangmu"
    );
}
2020-01-18 10:28:59 +0000 [MT] Writing entitlements for <IDEDistributionItem: 0x7f8cc2970f00 'com.gugu.xiangmu' '<DVTFilePath:0x7f8cc26b4690:'/Users/dqk/Desktop/GuangXuan/elephant/Advertising/build/Advertising.xcarchive/Products/Applications/Advertising.app'>'> to: /var/folders/k7/gscdzq616098xn9yg354qnnc0000gn/T/XcodeDistPipeline.~~~g2AN2o/entitlements~~~81ydW7
2020-01-18 10:28:59 +0000 [MT] Running /usr/bin/codesign '-vvv' '--force' '--sign' 'B86E421B3FFB79909EB77B3444626429166092A6' '--entitlements' '/var/folders/k7/gscdzq616098xn9yg354qnnc0000gn/T/XcodeDistPipeline.~~~g2AN2o/entitlements~~~81ydW7' '--preserve-metadata=identifier,flags,runtime' '/var/folders/k7/gscdzq616098xn9yg354qnnc0000gn/T/XcodeDistPipeline.~~~g2AN2o/Root/Payload/Advertising.app'
2020-01-18 10:28:59 +0000  /var/folders/k7/gscdzq616098xn9yg354qnnc0000gn/T/XcodeDistPipeline.~~~g2AN2o/Root/Payload/Advertising.app: signed app bundle with Mach-O universal (armv7 arm64) [com.gugu.xiangmu]
2020-01-18 10:28:59 +0000 [MT] /usr/bin/codesign exited with 0
2020-01-18 10:28:59 +0000 [MT] Processing step: IDEDistributionZipODRItemStep
2020-01-18 10:28:59 +0000 [MT] Skipping step: IDEDistributionZipODRItemStep because it said so
2020-01-18 10:28:59 +0000 [MT] Processing step: IDEDistributionCreateIPAStep
2020-01-18 10:28:59 +0000 [MT] Running /usr/bin/ditto '-V' '-c' '-k' '--norsrc' '/var/folders/k7/gscdzq616098xn9yg354qnnc0000gn/T/XcodeDistPipeline.~~~g2AN2o/Root' '/var/folders/k7/gscdzq616098xn9yg354qnnc0000gn/T/XcodeDistPipeline.~~~g2AN2o/Packages/Advertising.ipa'
2020-01-18 10:28:59 +0000  >>> Copying /var/folders/k7/gscdzq616098xn9yg354qnnc0000gn/T/XcodeDistPipeline.~~~g2AN2o/Root 
2020-01-18 10:28:59 +0000  copying file ./Payload/Advertising.app/_CodeSignature/CodeResources ... 
2020-01-18 10:28:59 +0000  57995 bytes for ./Payload/Advertising.app/_CodeSignature/CodeResources
2020-01-18 10:28:59 +0000  copying file ./Payload/Advertising.app/LaunchImage-1100-Portrait-2436h@3x.png ... 
2020-01-18 10:28:59 +0000  72048 bytes for ./Payload/Advertising.app/LaunchImage-1100-Portrait-2436h@3x.png
copying file ./Payload/Advertising.app/AppIcon20x20@2x.png ... 
2020-01-18 10:28:59 +0000  2197 bytes for ./Payload/Advertising.app/AppIcon20x20@2x.png
2020-01-18 10:28:59 +0000  copying file ./Payload/Advertising.app/AlipaySDK.bundle/shutdown@2x.png ... 
2020-01-18 10:28:59 +0000  222 bytes for ./Payload/Advertising.app/AlipaySDK.bundle/shutdown@2x.png
copying file ./Payload/Advertising.app/AlipaySDK.bundle/refresh@2x.png ... 
2020-01-18 10:28:59 +0000  605 bytes for ./Payload/Advertising.app/AlipaySDK.bundle/refresh@2x.png
copying file ./Payload/Advertising.app/AlipaySDK.bundle/refresh_click@2x.png ... 
2020-01-18 10:28:59 +0000  1824 bytes for ./Payload/Advertising.app/AlipaySDK.bundle/refresh_click@2x.png
copying file ./Payload/Advertising.app/AlipaySDK.bundle/shutdown_click@2x.png ... 
2020-01-18 10:28:59 +0000  1319 bytes for ./Payload/Advertising.app/AlipaySDK.bundle/shutdown_click@2x.png
copying file ./Payload/Advertising.app/AlipaySDK.bundle/bridge.js ... 
2020-01-18 10:28:59 +0000  3159 bytes for ./Payload/Advertising.app/AlipaySDK.bundle/bridge.js
copying file ./Payload/Advertising.app/AlipaySDK.bundle/bar@2x.png ... 
2020-01-18 10:28:59 +0000  1011 bytes for ./Payload/Advertising.app/AlipaySDK.bundle/bar@2x.png
copying file ./Payload/Advertising.app/AlipaySDK.bundle/alipay_msp_refresh@2x.png ... 
2020-01-18 10:28:59 +0000  663 bytes for ./Payload/Advertising.app/AlipaySDK.bundle/alipay_msp_refresh@2x.png
copying file ./Payload/Advertising.app/AlipaySDK.bundle/alipay_msp_back@2x.png ... 
2020-01-18 10:28:59 +0000  409 bytes for ./Payload/Advertising.app/AlipaySDK.bundle/alipay_msp_back@2x.png
2020-01-18 10:28:59 +0000  copying file ./Payload/Advertising.app/AppIcon20x20@3x.png ... 
2020-01-18 10:28:59 +0000  2807 bytes for ./Payload/Advertising.app/AppIcon20x20@3x.png
2020-01-18 10:28:59 +0000  copying file ./Payload/Advertising.app/FMGAVPlayer.bundle/bg_media_default@2x.jpg ... 
2020-01-18 10:28:59 +0000  33658 bytes for ./Payload/Advertising.app/FMGAVPlayer.bundle/bg_media_default@2x.jpg
copying file ./Payload/Advertising.app/FMGAVPlayer.bundle/fast_forward.png ... 
2020-01-18 10:28:59 +0000  5054 bytes for ./Payload/Advertising.app/FMGAVPlayer.bundle/fast_forward.png
copying file ./Payload/Advertising.app/FMGAVPlayer.bundle/MaximumTrackImage@2x.png ... 
2020-01-18 10:28:59 +0000  925 bytes for ./Payload/Advertising.app/FMGAVPlayer.bundle/MaximumTrackImage@2x.png
2020-01-18 10:28:59 +0000  copying file ./Payload/Advertising.app/FMGAVPlayer.bundle/full_minimize_btn@3x.png ... 
2020-01-18 10:28:59 +0000  1861 bytes for ./Payload/Advertising.app/FMGAVPlayer.bundle/full_minimize_btn@3x.png
copying file ./Payload/Advertising.app/FMGAVPlayer.bundle/logo.gif ... 
2020-01-18 10:28:59 +0000  5260 bytes for ./Payload/Advertising.app/FMGAVPlayer.bundle/logo.gif
copying file ./Payload/Advertising.app/FMGAVPlayer.bundle/full_minimize_btn@2x.png ... 
2020-01-18 10:28:59 +0000  1431 bytes for ./Payload/Advertising.app/FMGAVPlayer.bundle/full_minimize_btn@2x.png
copying file ./Payload/Advertising.app/FMGAVPlayer.bundle/full_pause_btn@3x.png ... 
2020-01-18 10:28:59 +0000  1428 bytes for ./Payload/Advertising.app/FMGAVPlayer.bundle/full_pause_btn@3x.png
copying file ./Payload/Advertising.app/FMGAVPlayer.bundle/mini_launchFullScreen_btn@2x.png ... 
2020-01-18 10:28:59 +0000  1422 bytes for ./Payload/Advertising.app/FMGAVPlayer.bundle/mini_launchFullScreen_btn@2x.png
copying file ./Payload/Advertising.app/FMGAVPlayer.bundle/fast_back.png ... 
2020-01-18 10:28:59 +0000  5093 bytes for ./Payload/Advertising.app/FMGAVPlayer.bundle/fast_back.png
copying file ./Payload/Advertising.app/FMGAVPlayer.bundle/thumbImage@2x.png ... 
2020-01-18 10:28:59 +0000  1524 bytes for ./Payload/Advertising.app/FMGAVPlayer.bundle/thumbImage@2x.png
copying file ./Payload/Advertising.app/FMGAVPlayer.bundle/mini_launchFullScreen_btn@3x.png ... 
2020-01-18 10:28:59 +0000  1875 bytes for ./Payload/Advertising.app/FMGAVPlayer.bundle/mini_launchFullScreen_btn@3x.png
copying file ./Payload/Advertising.app/FMGAVPlayer.bundle/full_pause_btn@2x.png ... 
2020-01-18 10:28:59 +0000  1190 bytes for ./Payload/Advertising.app/FMGAVPlayer.bundle/full_pause_btn@2x.png
2020-01-18 10:28:59 +0000  copying file ./Payload/Advertising.app/FMGAVPlayer.bundle/full_pause_btn_hl@3x.png ... 
2020-01-18 10:28:59 +0000  1470 bytes for ./Payload/Advertising.app/FMGAVPlayer.bundle/full_pause_btn_hl@3x.png
copying file ./Payload/Advertising.app/FMGAVPlayer.bundle/mini_launchFullScreen_btn_hl@3x.png ... 
2020-01-18 10:28:59 +0000  2111 bytes for ./Payload/Advertising.app/FMGAVPlayer.bundle/mini_launchFullScreen_btn_hl@3x.png
copying file ./Payload/Advertising.app/FMGAVPlayer.bundle/MinimumTrackImage@2x.png ... 
2020-01-18 10:28:59 +0000  925 bytes for ./Payload/Advertising.app/FMGAVPlayer.bundle/MinimumTrackImage@2x.png
copying file ./Payload/Advertising.app/FMGAVPlayer.bundle/mini_launchFullScreen_btn_hl@2x.png ... 
2020-01-18 10:28:59 +0000  1589 bytes for ./Payload/Advertising.app/FMGAVPlayer.bundle/mini_launchFullScreen_btn_hl@2x.png
copying file ./Payload/Advertising.app/FMGAVPlayer.bundle/full_pause_btn_hl@2x.png ... 
2020-01-18 10:28:59 +0000  1232 bytes for ./Payload/Advertising.app/FMGAVPlayer.bundle/full_pause_btn_hl@2x.png
2020-01-18 10:28:59 +0000  copying file ./Payload/Advertising.app/FMGAVPlayer.bundle/full_minimize_btn_hl@3x.png ... 
2020-01-18 10:28:59 +0000  2058 bytes for ./Payload/Advertising.app/FMGAVPlayer.bundle/full_minimize_btn_hl@3x.png
copying file ./Payload/Advertising.app/FMGAVPlayer.bundle/full_play_btn_hl@3x.png ... 
2020-01-18 10:28:59 +0000  2361 bytes for ./Payload/Advertising.app/FMGAVPlayer.bundle/full_play_btn_hl@3x.png
copying file ./Payload/Advertising.app/FMGAVPlayer.bundle/full_play_btn@3x.png ... 
2020-01-18 10:28:59 +0000  2016 bytes for ./Payload/Advertising.app/FMGAVPlayer.bundle/full_play_btn@3x.png
2020-01-18 10:28:59 +0000  copying file ./Payload/Advertising.app/FMGAVPlayer.bundle/FMGVideoPlayView.h ... 
2020-01-18 10:28:59 +0000  1259 bytes for ./Payload/Advertising.app/FMGAVPlayer.bundle/FMGVideoPlayView.h
copying file ./Payload/Advertising.app/FMGAVPlayer.bundle/full_play_btn@2x.png ... 
2020-01-18 10:28:59 +0000  1556 bytes for ./Payload/Advertising.app/FMGAVPlayer.bundle/full_play_btn@2x.png
2020-01-18 10:28:59 +0000  copying file ./Payload/Advertising.app/FMGAVPlayer.bundle/full_play_btn_hl@2x.png ... 
2020-01-18 10:28:59 +0000  1805 bytes for ./Payload/Advertising.app/FMGAVPlayer.bundle/full_play_btn_hl@2x.png
copying file ./Payload/Advertising.app/FMGAVPlayer.bundle/full_minimize_btn_hl@2x.png ... 
2020-01-18 10:28:59 +0000  1495 bytes for ./Payload/Advertising.app/FMGAVPlayer.bundle/full_minimize_btn_hl@2x.png
2020-01-18 10:28:59 +0000  copying file ./Payload/Advertising.app/home_agent.gif ... 
2020-01-18 10:28:59 +0000  208634 bytes for ./Payload/Advertising.app/home_agent.gif
2020-01-18 10:28:59 +0000  copying file ./Payload/Advertising.app/MJRefresh.bundle/zh-Hans.lproj/Localizable.strings ... 
2020-01-18 10:28:59 +0000  1194 bytes for ./Payload/Advertising.app/MJRefresh.bundle/zh-Hans.lproj/Localizable.strings
2020-01-18 10:28:59 +0000  copying file ./Payload/Advertising.app/MJRefresh.bundle/en.lproj/Localizable.strings ... 
2020-01-18 10:28:59 +0000  691 bytes for ./Payload/Advertising.app/MJRefresh.bundle/en.lproj/Localizable.strings
2020-01-18 10:28:59 +0000  copying file ./Payload/Advertising.app/MJRefresh.bundle/arrow@2x.png ... 
2020-01-18 10:28:59 +0000  1033 bytes for ./Payload/Advertising.app/MJRefresh.bundle/arrow@2x.png
2020-01-18 10:28:59 +0000  copying file ./Payload/Advertising.app/MJRefresh.bundle/ko.lproj/Localizable.strings ... 
771 bytes for ./Payload/Advertising.app/MJRefresh.bundle/ko.lproj/Localizable.strings
copying file ./Payload/Advertising.app/MJRefresh.bundle/zh-Hant.lproj/Localizable.strings ... 
773 bytes for ./Payload/Advertising.app/MJRefresh.bundle/zh-Hant.lproj/Localizable.strings
copying file ./Payload/Advertising.app/AppIcon60x60@2x.png ... 
2020-01-18 10:28:59 +0000  5161 bytes for ./Payload/Advertising.app/AppIcon60x60@2x.png
2020-01-18 10:28:59 +0000  copying file ./Payload/Advertising.app/IQKeyboardManager.bundle/IQButtonBarArrowRight@2x.png ... 
2020-01-18 10:28:59 +0000  1786 bytes for ./Payload/Advertising.app/IQKeyboardManager.bundle/IQButtonBarArrowRight@2x.png
copying file ./Payload/Advertising.app/IQKeyboardManager.bundle/IQButtonBarArrowUp@3x.png ... 
2020-01-18 10:28:59 +0000  2164 bytes for ./Payload/Advertising.app/IQKeyboardManager.bundle/IQButtonBarArrowUp@3x.png
copying file ./Payload/Advertising.app/IQKeyboardManager.bundle/IQButtonBarArrowUp@2x.png ... 
2020-01-18 10:28:59 +0000  1769 bytes for ./Payload/Advertising.app/IQKeyboardManager.bundle/IQButtonBarArrowUp@2x.png
copying file ./Payload/Advertising.app/IQKeyboardManager.bundle/IQButtonBarArrowRight@3x.png ... 
2020-01-18 10:28:59 +0000  1844 bytes for ./Payload/Advertising.app/IQKeyboardManager.bundle/IQButtonBarArrowRight@3x.png
copying file ./Payload/Advertising.app/IQKeyboardManager.bundle/IQButtonBarArrowLeft@3x.png ... 
2020-01-18 10:28:59 +0000  1815 bytes for ./Payload/Advertising.app/IQKeyboardManager.bundle/IQButtonBarArrowLeft@3x.png
copying file ./Payload/Advertising.app/IQKeyboardManager.bundle/IQButtonBarArrowDown@3x.png ... 
2020-01-18 10:28:59 +0000  2177 bytes for ./Payload/Advertising.app/IQKeyboardManager.bundle/IQButtonBarArrowDown@3x.png
copying file ./Payload/Advertising.app/IQKeyboardManager.bundle/IQButtonBarArrowDown@2x.png ... 
2020-01-18 10:28:59 +0000  1764 bytes for ./Payload/Advertising.app/IQKeyboardManager.bundle/IQButtonBarArrowDown@2x.png
copying file ./Payload/Advertising.app/IQKeyboardManager.bundle/IQButtonBarArrowLeft@2x.png ... 
2020-01-18 10:28:59 +0000  1793 bytes for ./Payload/Advertising.app/IQKeyboardManager.bundle/IQButtonBarArrowLeft@2x.png
2020-01-18 10:28:59 +0000  copying file ./Payload/Advertising.app/AppIcon29x29@2x.png ... 
2020-01-18 10:28:59 +0000  2682 bytes for ./Payload/Advertising.app/AppIcon29x29@2x.png
copying file ./Payload/Advertising.app/LaunchImage-800-667h@2x.png ... 
2020-01-18 10:28:59 +0000  39029 bytes for ./Payload/Advertising.app/LaunchImage-800-667h@2x.png
copying file ./Payload/Advertising.app/AppIcon40x40@3x.png ... 
2020-01-18 10:28:59 +0000  5161 bytes for ./Payload/Advertising.app/AppIcon40x40@3x.png
2020-01-18 10:28:59 +0000  copying file ./Payload/Advertising.app/TZImagePickerController.bundle/de.lproj/Localizable.strings ... 
2020-01-18 10:28:59 +0000  1737 bytes for ./Payload/Advertising.app/TZImagePickerController.bundle/de.lproj/Localizable.strings
2020-01-18 10:28:59 +0000  copying file ./Payload/Advertising.app/TZImagePickerController.bundle/he.lproj/Localizable.strings ... 
2020-01-18 10:28:59 +0000  953 bytes for ./Payload/Advertising.app/TZImagePickerController.bundle/he.lproj/Localizable.strings
2020-01-18 10:28:59 +0000  copying file ./Payload/Advertising.app/TZImagePickerController.bundle/ar.lproj/Localizable.strings ... 
2020-01-18 10:28:59 +0000  2068 bytes for ./Payload/Advertising.app/TZImagePickerController.bundle/ar.lproj/Localizable.strings
2020-01-18 10:28:59 +0000  copying file ./Payload/Advertising.app/TZImagePickerController.bundle/el.lproj/Localizable.strings ... 
2020-01-18 10:28:59 +0000  1151 bytes for ./Payload/Advertising.app/TZImagePickerController.bundle/el.lproj/Localizable.strings
2020-01-18 10:28:59 +0000  copying file ./Payload/Advertising.app/TZImagePickerController.bundle/takePicture@2x.png ... 
2020-01-18 10:28:59 +0000  3054 bytes for ./Payload/Advertising.app/TZImagePickerController.bundle/takePicture@2x.png
2020-01-18 10:28:59 +0000  copying file ./Payload/Advertising.app/TZImagePickerController.bundle/zh-Hans.lproj/Localizable.strings ... 
2020-01-18 10:28:59 +0000  2428 bytes for ./Payload/Advertising.app/TZImagePickerController.bundle/zh-Hans.lproj/Localizable.strings
2020-01-18 10:28:59 +0000  copying file ./Payload/Advertising.app/TZImagePickerController.bundle/ja.lproj/Localizable.strings ... 
2020-01-18 10:28:59 +0000  1956 bytes for ./Payload/Advertising.app/TZImagePickerController.bundle/ja.lproj/Localizable.strings
2020-01-18 10:28:59 +0000  copying file ./Payload/Advertising.app/TZImagePickerController.bundle/photo_sel_photoPickerVc@2x.png ... 
2020-01-18 10:28:59 +0000  1006 bytes for ./Payload/Advertising.app/TZImagePickerController.bundle/photo_sel_photoPickerVc@2x.png
2020-01-18 10:28:59 +0000  copying file ./Payload/Advertising.app/TZImagePickerController.bundle/en.lproj/Localizable.strings ... 
2020-01-18 10:28:59 +0000  3138 bytes for ./Payload/Advertising.app/TZImagePickerController.bundle/en.lproj/Localizable.strings
2020-01-18 10:28:59 +0000  copying file ./Payload/Advertising.app/TZImagePickerController.bundle/uk.lproj/Localizable.strings ... 
2020-01-18 10:28:59 +0000  1096 bytes for ./Payload/Advertising.app/TZImagePickerController.bundle/uk.lproj/Localizable.strings
2020-01-18 10:28:59 +0000  copying file ./Payload/Advertising.app/TZImagePickerController.bundle/MMVideoPreviewPlayHL@2x.png ... 
2020-01-18 10:28:59 +0000  3645 bytes for ./Payload/Advertising.app/TZImagePickerController.bundle/MMVideoPreviewPlayHL@2x.png
2020-01-18 10:28:59 +0000  copying file ./Payload/Advertising.app/TZImagePickerController.bundle/es.lproj/Localizable.strings ... 
2020-01-18 10:28:59 +0000  1685 bytes for ./Payload/Advertising.app/TZImagePickerController.bundle/es.lproj/Localizable.strings
2020-01-18 10:28:59 +0000  copying file ./Payload/Advertising.app/TZImagePickerController.bundle/photo_sel_previewVc@2x.png ... 
2020-01-18 10:28:59 +0000  1183 bytes for ./Payload/Advertising.app/TZImagePickerController.bundle/photo_sel_previewVc@2x.png
copying file ./Payload/Advertising.app/TZImagePickerController.bundle/MMVideoPreviewPlay@2x.png ... 
2020-01-18 10:28:59 +0000  3645 bytes for ./Payload/Advertising.app/TZImagePickerController.bundle/MMVideoPreviewPlay@2x.png
2020-01-18 10:28:59 +0000  copying file ./Payload/Advertising.app/TZImagePickerController.bundle/it.lproj/Localizable.strings ... 
2020-01-18 10:28:59 +0000  873 bytes for ./Payload/Advertising.app/TZImagePickerController.bundle/it.lproj/Localizable.strings
copying file ./Payload/Advertising.app/TZImagePickerController.bundle/bg.lproj/Localizable.strings ... 
2020-01-18 10:28:59 +0000  1080 bytes for ./Payload/Advertising.app/TZImagePickerController.bundle/bg.lproj/Localizable.strings
2020-01-18 10:28:59 +0000  copying file ./Payload/Advertising.app/TZImagePickerController.bundle/sk.lproj/Localizable.strings ... 
2020-01-18 10:28:59 +0000  879 bytes for ./Payload/Advertising.app/TZImagePickerController.bundle/sk.lproj/Localizable.strings
2020-01-18 10:28:59 +0000  copying file ./Payload/Advertising.app/TZImagePickerController.bundle/preview_original_def@2x.png ... 
2020-01-18 10:28:59 +0000  392 bytes for ./Payload/Advertising.app/TZImagePickerController.bundle/preview_original_def@2x.png
2020-01-18 10:28:59 +0000  copying file ./Payload/Advertising.app/TZImagePickerController.bundle/sv.lproj/Localizable.strings ... 
2020-01-18 10:28:59 +0000  824 bytes for ./Payload/Advertising.app/TZImagePickerController.bundle/sv.lproj/Localizable.strings
2020-01-18 10:28:59 +0000  copying file ./Payload/Advertising.app/TZImagePickerController.bundle/photo_def_previewVc@2x.png ... 
2020-01-18 10:28:59 +0000  1155 bytes for ./Payload/Advertising.app/TZImagePickerController.bundle/photo_def_previewVc@2x.png
2020-01-18 10:28:59 +0000  copying file ./Payload/Advertising.app/TZImagePickerController.bundle/ko.lproj/Localizable.strings ... 
2020-01-18 10:28:59 +0000  886 bytes for ./Payload/Advertising.app/TZImagePickerController.bundle/ko.lproj/Localizable.strings
copying file ./Payload/Advertising.app/TZImagePickerController.bundle/photo_original_sel@2x.png ... 
2020-01-18 10:28:59 +0000  620 bytes for ./Payload/Advertising.app/TZImagePickerController.bundle/photo_original_sel@2x.png
2020-01-18 10:28:59 +0000  copying file ./Payload/Advertising.app/TZImagePickerController.bundle/ko-KP.lproj/Localizable.strings ... 
2020-01-18 10:28:59 +0000  1868 bytes for ./Payload/Advertising.app/TZImagePickerController.bundle/ko-KP.lproj/Localizable.strings
2020-01-18 10:28:59 +0000  copying file ./Payload/Advertising.app/TZImagePickerController.bundle/zh-Hant.lproj/Localizable.strings ... 
2020-01-18 10:28:59 +0000  2424 bytes for ./Payload/Advertising.app/TZImagePickerController.bundle/zh-Hant.lproj/Localizable.strings
2020-01-18 10:28:59 +0000  copying file ./Payload/Advertising.app/TZImagePickerController.bundle/takePicture80@2x.png ... 
2020-01-18 10:28:59 +0000  1285 bytes for ./Payload/Advertising.app/TZImagePickerController.bundle/takePicture80@2x.png
copying file ./Payload/Advertising.app/TZImagePickerController.bundle/photo_def_photoPickerVc@2x.png ... 
2020-01-18 10:28:59 +0000  1155 bytes for ./Payload/Advertising.app/TZImagePickerController.bundle/photo_def_photoPickerVc@2x.png
2020-01-18 10:28:59 +0000  copying file ./Payload/Advertising.app/TZImagePickerController.bundle/tr.lproj/Localizable.strings ... 
2020-01-18 10:28:59 +0000  844 bytes for ./Payload/Advertising.app/TZImagePickerController.bundle/tr.lproj/Localizable.strings
2020-01-18 10:28:59 +0000  copying file ./Payload/Advertising.app/TZImagePickerController.bundle/pl.lproj/Localizable.strings ... 
2020-01-18 10:28:59 +0000  858 bytes for ./Payload/Advertising.app/TZImagePickerController.bundle/pl.lproj/Localizable.strings
2020-01-18 10:28:59 +0000  copying file ./Payload/Advertising.app/TZImagePickerController.bundle/preview_number_icon@2x.png ... 
2020-01-18 10:28:59 +0000  501 bytes for ./Payload/Advertising.app/TZImagePickerController.bundle/preview_number_icon@2x.png
2020-01-18 10:28:59 +0000  copying file ./Payload/Advertising.app/TZImagePickerController.bundle/vi.lproj/Localizable.strings ... 
2020-01-18 10:28:59 +0000  1899 bytes for ./Payload/Advertising.app/TZImagePickerController.bundle/vi.lproj/Localizable.strings
2020-01-18 10:28:59 +0000  copying file ./Payload/Advertising.app/TZImagePickerController.bundle/navi_back@2x.png ... 
2020-01-18 10:28:59 +0000  116 bytes for ./Payload/Advertising.app/TZImagePickerController.bundle/navi_back@2x.png
copying file ./Payload/Advertising.app/TZImagePickerController.bundle/ru.lproj/Localizable.strings ... 
2020-01-18 10:28:59 +0000  2276 bytes for ./Payload/Advertising.app/TZImagePickerController.bundle/ru.lproj/Localizable.strings
2020-01-18 10:28:59 +0000  copying file ./Payload/Advertising.app/TZImagePickerController.bundle/cs-CZ.lproj/Localizable.strings ... 
2020-01-18 10:28:59 +0000  822 bytes for ./Payload/Advertising.app/TZImagePickerController.bundle/cs-CZ.lproj/Localizable.strings
2020-01-18 10:28:59 +0000  copying file ./Payload/Advertising.app/TZImagePickerController.bundle/photo_original_def@2x.png ... 
2020-01-18 10:28:59 +0000  1602 bytes for ./Payload/Advertising.app/TZImagePickerController.bundle/photo_original_def@2x.png
2020-01-18 10:28:59 +0000  copying file ./Payload/Advertising.app/TZImagePickerController.bundle/fr.lproj/Localizable.strings ... 
2020-01-18 10:28:59 +0000  1821 bytes for ./Payload/Advertising.app/TZImagePickerController.bundle/fr.lproj/Localizable.strings
2020-01-18 10:28:59 +0000  copying file ./Payload/Advertising.app/TZImagePickerController.bundle/nl.lproj/Localizable.strings ... 
2020-01-18 10:28:59 +0000  821 bytes for ./Payload/Advertising.app/TZImagePickerController.bundle/nl.lproj/Localizable.strings
2020-01-18 10:28:59 +0000  copying file ./Payload/Advertising.app/TZImagePickerController.bundle/th.lproj/Localizable.strings ... 
2020-01-18 10:28:59 +0000  1247 bytes for ./Payload/Advertising.app/TZImagePickerController.bundle/th.lproj/Localizable.strings
2020-01-18 10:28:59 +0000  copying file ./Payload/Advertising.app/TZImagePickerController.bundle/pt.lproj/Localizable.strings ... 
2020-01-18 10:28:59 +0000  1716 bytes for ./Payload/Advertising.app/TZImagePickerController.bundle/pt.lproj/Localizable.strings
2020-01-18 10:28:59 +0000  copying file ./Payload/Advertising.app/TZImagePickerController.bundle/photo_number_icon@2x.png ... 
2020-01-18 10:28:59 +0000  501 bytes for ./Payload/Advertising.app/TZImagePickerController.bundle/photo_number_icon@2x.png
copying file ./Payload/Advertising.app/TZImagePickerController.bundle/VideoSendIcon@2x.png ... 
2020-01-18 10:28:59 +0000  223 bytes for ./Payload/Advertising.app/TZImagePickerController.bundle/VideoSendIcon@2x.png
2020-01-18 10:28:59 +0000  copying file ./Payload/Advertising.app/TZImagePickerController.bundle/ro.lproj/Localizable.strings ... 
2020-01-18 10:28:59 +0000  887 bytes for ./Payload/Advertising.app/TZImagePickerController.bundle/ro.lproj/Localizable.strings
2020-01-18 10:28:59 +0000  copying file ./Payload/Advertising.app/AppIcon40x40@2x.png ... 
2020-01-18 10:28:59 +0000  3481 bytes for ./Payload/Advertising.app/AppIcon40x40@2x.png
2020-01-18 10:28:59 +0000  copying file ./Payload/Advertising.app/LaunchImage-1200-Portrait-2688h@3x.png ... 
2020-01-18 10:28:59 +0000  83368 bytes for ./Payload/Advertising.app/LaunchImage-1200-Portrait-2688h@3x.png
2020-01-18 10:28:59 +0000  copying file ./Payload/Advertising.app/AppIcon29x29@3x.png ... 
2020-01-18 10:28:59 +0000  3821 bytes for ./Payload/Advertising.app/AppIcon29x29@3x.png
2020-01-18 10:28:59 +0000  copying file ./Payload/Advertising.app/AppIcon60x60@3x.png ... 
2020-01-18 10:28:59 +0000  7273 bytes for ./Payload/Advertising.app/AppIcon60x60@3x.png
2020-01-18 10:28:59 +0000  copying file ./Payload/Advertising.app/Base.lproj/LaunchScreen.storyboardc/01J-lp-oVM-view-Ze5-6b-2t3.nib ... 
2020-01-18 10:28:59 +0000  1988 bytes for ./Payload/Advertising.app/Base.lproj/LaunchScreen.storyboardc/01J-lp-oVM-view-Ze5-6b-2t3.nib
2020-01-18 10:28:59 +0000  copying file ./Payload/Advertising.app/Base.lproj/LaunchScreen.storyboardc/UIViewController-01J-lp-oVM.nib ... 
2020-01-18 10:28:59 +0000  832 bytes for ./Payload/Advertising.app/Base.lproj/LaunchScreen.storyboardc/UIViewController-01J-lp-oVM.nib
copying file ./Payload/Advertising.app/Base.lproj/LaunchScreen.storyboardc/Info.plist ... 
2020-01-18 10:28:59 +0000  258 bytes for ./Payload/Advertising.app/Base.lproj/LaunchScreen.storyboardc/Info.plist
2020-01-18 10:28:59 +0000  copying file ./Payload/Advertising.app/ZFPlayer.bundle/ZFPlayer_unlock-nor@2x.png ... 
2020-01-18 10:28:59 +0000  2466 bytes for ./Payload/Advertising.app/ZFPlayer.bundle/ZFPlayer_unlock-nor@2x.png
2020-01-18 10:28:59 +0000  copying file ./Payload/Advertising.app/ZFPlayer.bundle/ZFPlayer_slider.png ... 
2020-01-18 10:28:59 +0000  1117 bytes for ./Payload/Advertising.app/ZFPlayer.bundle/ZFPlayer_slider.png
copying file ./Payload/Advertising.app/ZFPlayer.bundle/ZFPlayer_play@3x.png ... 
2020-01-18 10:28:59 +0000  660 bytes for ./Payload/Advertising.app/ZFPlayer.bundle/ZFPlayer_play@3x.png
2020-01-18 10:28:59 +0000  copying file ./Payload/Advertising.app/ZFPlayer.bundle/ZFPlayer_volume_low@3x.png ... 
2020-01-18 10:28:59 +0000  3974 bytes for ./Payload/Advertising.app/ZFPlayer.bundle/ZFPlayer_volume_low@3x.png
2020-01-18 10:28:59 +0000  copying file ./Payload/Advertising.app/ZFPlayer.bundle/ZFPlayer_muted@2x.png ... 
2020-01-18 10:28:59 +0000  3807 bytes for ./Payload/Advertising.app/ZFPlayer.bundle/ZFPlayer_muted@2x.png
2020-01-18 10:28:59 +0000  copying file ./Payload/Advertising.app/ZFPlayer.bundle/ZFPlayer_slider@2x.png ... 
2020-01-18 10:28:59 +0000  577 bytes for ./Payload/Advertising.app/ZFPlayer.bundle/ZFPlayer_slider@2x.png
copying file ./Payload/Advertising.app/ZFPlayer.bundle/ZFPlayer_slider@3x.png ... 
2020-01-18 10:28:59 +0000  2061 bytes for ./Payload/Advertising.app/ZFPlayer.bundle/ZFPlayer_slider@3x.png
copying file ./Payload/Advertising.app/ZFPlayer.bundle/ZFPlayer_muted@3x.png ... 
2020-01-18 10:28:59 +0000  4046 bytes for ./Payload/Advertising.app/ZFPlayer.bundle/ZFPlayer_muted@3x.png
2020-01-18 10:28:59 +0000  copying file ./Payload/Advertising.app/ZFPlayer.bundle/ZFPlayer_volume_low@2x.png ... 
2020-01-18 10:28:59 +0000  3709 bytes for ./Payload/Advertising.app/ZFPlayer.bundle/ZFPlayer_volume_low@2x.png
copying file ./Payload/Advertising.app/ZFPlayer.bundle/ZFPlayer_play@2x.png ... 
2020-01-18 10:28:59 +0000  453 bytes for ./Payload/Advertising.app/ZFPlayer.bundle/ZFPlayer_play@2x.png
2020-01-18 10:28:59 +0000  copying file ./Payload/Advertising.app/ZFPlayer.bundle/ZFPlayer_unlock-nor@3x.png ... 
2020-01-18 10:28:59 +0000  3786 bytes for ./Payload/Advertising.app/ZFPlayer.bundle/ZFPlayer_unlock-nor@3x.png
2020-01-18 10:28:59 +0000  copying file ./Payload/Advertising.app/ZFPlayer.bundle/ZFPlayer_brightness_low@2x.png ... 
2020-01-18 10:28:59 +0000  3779 bytes for ./Payload/Advertising.app/ZFPlayer.bundle/ZFPlayer_brightness_low@2x.png
2020-01-18 10:28:59 +0000  copying file ./Payload/Advertising.app/ZFPlayer.bundle/ZFPlayer_shrinkscreen@3x.png ... 
2020-01-18 10:28:59 +0000  1221 bytes for ./Payload/Advertising.app/ZFPlayer.bundle/ZFPlayer_shrinkscreen@3x.png
copying file ./Payload/Advertising.app/ZFPlayer.bundle/ZFPlayer_pause@3x.png ... 
2020-01-18 10:28:59 +0000  188 bytes for ./Payload/Advertising.app/ZFPlayer.bundle/ZFPlayer_pause@3x.png
copying file ./Payload/Advertising.app/ZFPlayer.bundle/ZFPlayer_lock-nor@2x.png ... 
2020-01-18 10:28:59 +0000  2481 bytes for ./Payload/Advertising.app/ZFPlayer.bundle/ZFPlayer_lock-nor@2x.png
copying file ./Payload/Advertising.app/ZFPlayer.bundle/ZFPlayer_fast_forward@2x.png ... 
2020-01-18 10:28:59 +0000  565 bytes for ./Payload/Advertising.app/ZFPlayer.bundle/ZFPlayer_fast_forward@2x.png
2020-01-18 10:28:59 +0000  copying file ./Payload/Advertising.app/ZFPlayer.bundle/ZFPlayer_fast_forward@3x.png ... 
2020-01-18 10:28:59 +0000  772 bytes for ./Payload/Advertising.app/ZFPlayer.bundle/ZFPlayer_fast_forward@3x.png
2020-01-18 10:28:59 +0000  copying file ./Payload/Advertising.app/ZFPlayer.bundle/ZFPlayer_lock-nor@3x.png ... 
2020-01-18 10:28:59 +0000  3797 bytes for ./Payload/Advertising.app/ZFPlayer.bundle/ZFPlayer_lock-nor@3x.png
copying file ./Payload/Advertising.app/ZFPlayer.bundle/ZFPlayer_pause@2x.png ... 
2020-01-18 10:28:59 +0000  168 bytes for ./Payload/Advertising.app/ZFPlayer.bundle/ZFPlayer_pause@2x.png
copying file ./Payload/Advertising.app/ZFPlayer.bundle/ZFPlayer_brightness_low@3x.png ... 
2020-01-18 10:28:59 +0000  4027 bytes for ./Payload/Advertising.app/ZFPlayer.bundle/ZFPlayer_brightness_low@3x.png
copying file ./Payload/Advertising.app/ZFPlayer.bundle/ZFPlayer_shrinkscreen@2x.png ... 
1096 bytes for ./Payload/Advertising.app/ZFPlayer.bundle/ZFPlayer_shrinkscreen@2x.png
copying file ./Payload/Advertising.app/ZFPlayer.bundle/new_allPause_44x44_@3x.png ... 
2020-01-18 10:28:59 +0000  2594 bytes for ./Payload/Advertising.app/ZFPlayer.bundle/new_allPause_44x44_@3x.png
copying file ./Payload/Advertising.app/ZFPlayer.bundle/ZFPlayer_top_shadow.png ... 
2020-01-18 10:28:59 +0000  3021 bytes for ./Payload/Advertising.app/ZFPlayer.bundle/ZFPlayer_top_shadow.png
2020-01-18 10:28:59 +0000  copying file ./Payload/Advertising.app/ZFPlayer.bundle/ZFPlayer_brightness_high@3x.png ... 
2020-01-18 10:28:59 +0000  4162 bytes for ./Payload/Advertising.app/ZFPlayer.bundle/ZFPlayer_brightness_high@3x.png
copying file ./Payload/Advertising.app/ZFPlayer.bundle/ZFPlayer_close@2x.png ... 
2020-01-18 10:28:59 +0000  1851 bytes for ./Payload/Advertising.app/ZFPlayer.bundle/ZFPlayer_close@2x.png
2020-01-18 10:28:59 +0000  copying file ./Payload/Advertising.app/ZFPlayer.bundle/ZFPlayer_fast_backward@3x.png ... 
2020-01-18 10:28:59 +0000  834 bytes for ./Payload/Advertising.app/ZFPlayer.bundle/ZFPlayer_fast_backward@3x.png
copying file ./Payload/Advertising.app/ZFPlayer.bundle/ZFPlayer_close@3x.png ... 
2020-01-18 10:28:59 +0000  2325 bytes for ./Payload/Advertising.app/ZFPlayer.bundle/ZFPlayer_close@3x.png
copying file ./Payload/Advertising.app/ZFPlayer.bundle/ZFPlayer_fast_backward@2x.png ... 
2020-01-18 10:28:59 +0000  615 bytes for ./Payload/Advertising.app/ZFPlayer.bundle/ZFPlayer_fast_backward@2x.png
2020-01-18 10:28:59 +0000  copying file ./Payload/Advertising.app/ZFPlayer.bundle/ZFPlayer_brightness_high@2x.png ... 
2020-01-18 10:28:59 +0000  3793 bytes for ./Payload/Advertising.app/ZFPlayer.bundle/ZFPlayer_brightness_high@2x.png
copying file ./Payload/Advertising.app/ZFPlayer.bundle/new_allPause_44x44_@2x.png ... 
2020-01-18 10:28:59 +0000  1630 bytes for ./Payload/Advertising.app/ZFPlayer.bundle/new_allPause_44x44_@2x.png
copying file ./Payload/Advertising.app/ZFPlayer.bundle/ZFPlayer_volume_high@2x.png ... 
2020-01-18 10:28:59 +0000  3845 bytes for ./Payload/Advertising.app/ZFPlayer.bundle/ZFPlayer_volume_high@2x.png
copying file ./Payload/Advertising.app/ZFPlayer.bundle/ZFPlayer_bottom_shadow.png ... 
2020-01-18 10:28:59 +0000  1142 bytes for ./Payload/Advertising.app/ZFPlayer.bundle/ZFPlayer_bottom_shadow.png
copying file ./Payload/Advertising.app/ZFPlayer.bundle/new_allPlay_44x44_@3x.png ... 
2020-01-18 10:28:59 +0000  4150 bytes for ./Payload/Advertising.app/ZFPlayer.bundle/new_allPlay_44x44_@3x.png
copying file ./Payload/Advertising.app/ZFPlayer.bundle/ZFPlayer_fullscreen@3x.png ... 
2020-01-18 10:28:59 +0000  1213 bytes for ./Payload/Advertising.app/ZFPlayer.bundle/ZFPlayer_fullscreen@3x.png
copying file ./Payload/Advertising.app/ZFPlayer.bundle/ZFPlayer_next@2x.png ... 
2020-01-18 10:28:59 +0000  407 bytes for ./Payload/Advertising.app/ZFPlayer.bundle/ZFPlayer_next@2x.png
2020-01-18 10:28:59 +0000  copying file ./Payload/Advertising.app/ZFPlayer.bundle/ZFPlayer_closeWatch@3x.png ... 
2020-01-18 10:28:59 +0000  1088 bytes for ./Payload/Advertising.app/ZFPlayer.bundle/ZFPlayer_closeWatch@3x.png
copying file ./Payload/Advertising.app/ZFPlayer.bundle/ZFPlayer_back_full@3x.png ... 
2020-01-18 10:28:59 +0000  513 bytes for ./Payload/Advertising.app/ZFPlayer.bundle/ZFPlayer_back_full@3x.png
2020-01-18 10:28:59 +0000  copying file ./Payload/Advertising.app/ZFPlayer.bundle/ZFPlayer_back_full@2x.png ... 
2020-01-18 10:28:59 +0000  339 bytes for ./Payload/Advertising.app/ZFPlayer.bundle/ZFPlayer_back_full@2x.png
2020-01-18 10:28:59 +0000  copying file ./Payload/Advertising.app/ZFPlayer.bundle/ZFPlayer_next@3x.png ... 
2020-01-18 10:28:59 +0000  585 bytes for ./Payload/Advertising.app/ZFPlayer.bundle/ZFPlayer_next@3x.png
copying file ./Payload/Advertising.app/ZFPlayer.bundle/ZFPlayer_closeWatch@2x.png ... 
2020-01-18 10:28:59 +0000  761 bytes for ./Payload/Advertising.app/ZFPlayer.bundle/ZFPlayer_closeWatch@2x.png
copying file ./Payload/Advertising.app/ZFPlayer.bundle/ZFPlayer_fullscreen@2x.png ... 
2020-01-18 10:28:59 +0000  1094 bytes for ./Payload/Advertising.app/ZFPlayer.bundle/ZFPlayer_fullscreen@2x.png
copying file ./Payload/Advertising.app/ZFPlayer.bundle/new_allPlay_44x44_@2x.png ... 
2020-01-18 10:28:59 +0000  2624 bytes for ./Payload/Advertising.app/ZFPlayer.bundle/new_allPlay_44x44_@2x.png
2020-01-18 10:28:59 +0000  copying file ./Payload/Advertising.app/ZFPlayer.bundle/ZFPlayer_volume_high@3x.png ... 
2020-01-18 10:28:59 +0000  4186 bytes for ./Payload/Advertising.app/ZFPlayer.bundle/ZFPlayer_volume_high@3x.png
2020-01-18 10:28:59 +0000  copying file ./Payload/Advertising.app/Assets.car ... 
2020-01-18 10:29:01 +0000  39916632 bytes for ./Payload/Advertising.app/Assets.car
2020-01-18 10:29:01 +0000  copying file ./Payload/Advertising.app/LaunchImage-800-Portrait-736h@3x.png ... 
2020-01-18 10:29:01 +0000  79800 bytes for ./Payload/Advertising.app/LaunchImage-800-Portrait-736h@3x.png
2020-01-18 10:29:01 +0000  copying file ./Payload/Advertising.app/danmakufile ... 
2020-01-18 10:29:01 +0000  102116 bytes for ./Payload/Advertising.app/danmakufile
2020-01-18 10:29:01 +0000  copying file ./Payload/Advertising.app/Advertising ... 
2020-01-18 10:29:02 +0000  8568144 bytes for ./Payload/Advertising.app/Advertising
2020-01-18 10:29:02 +0000  copying file ./Payload/Advertising.app/LaunchImage-1200-Portrait-1792h@2x.png ... 
2020-01-18 10:29:02 +0000  45670 bytes for ./Payload/Advertising.app/LaunchImage-1200-Portrait-1792h@2x.png
copying file ./Payload/Advertising.app/FMGVideoPlayView.nib ... 
2020-01-18 10:29:02 +0000  6276 bytes for ./Payload/Advertising.app/FMGVideoPlayView.nib
2020-01-18 10:29:02 +0000  copying file ./Payload/Advertising.app/XMMineCell.nib ... 
2020-01-18 10:29:02 +0000  4116 bytes for ./Payload/Advertising.app/XMMineCell.nib
copying file ./Payload/Advertising.app/embedded.mobileprovision ... 
2020-01-18 10:29:02 +0000  8139 bytes for ./Payload/Advertising.app/embedded.mobileprovision
copying file ./Payload/Advertising.app/home_booth.gif ... 
2020-01-18 10:29:02 +0000  30505 bytes for ./Payload/Advertising.app/home_booth.gif
copying file ./Payload/Advertising.app/home_lanlord.gif ... 
2020-01-18 10:29:02 +0000  46330 bytes for ./Payload/Advertising.app/home_lanlord.gif
copying file ./Payload/Advertising.app/Info.plist ... 
2020-01-18 10:29:02 +0000  2406 bytes for ./Payload/Advertising.app/Info.plist
2020-01-18 10:29:02 +0000  copying file ./Payload/Advertising.app/PkgInfo ... 
8 bytes for ./Payload/Advertising.app/PkgInfo
2020-01-18 10:29:02 +0000 [MT] /usr/bin/ditto exited with 0
2020-01-18 10:29:02 +0000 [MT] Processing step: IDEDistributionAppStoreInformationStep
2020-01-18 10:29:02 +0000 [MT] Skipping step: IDEDistributionAppStoreInformationStep because it said so
2020-01-18 10:29:02 +0000 [MT] Processing step: IDEDistributionCreateManifestStep
